<?xml version="1.0" encoding="UTF-8"?>
<!-- Generated by org.testng.reporters.JUnitXMLReporter -->
<testsuite ignored="0" hostname="CV021009948" failures="1" tests="1" name="Test" time="274.639" errors="0" timestamp="2021-09-08T12:39:22 IST">
  <testcase classname="Test.NS_URLHealthCheck" name="Netsfere_URL_HealthCheck" time="274.607">
    <failure type="java.lang.AssertionError" message="expected object to not be null">
      <![CDATA[java.lang.AssertionError: expected object to not be null
at Test.NS_URLHealthCheck.Netsfere_URL_HealthCheck(NS_URLHealthCheck.java:226)
at java.base/java.util.ArrayList.forEach(ArrayList.java:1511)
... Removed 30 stack frames]]>
    </failure>
  </testcase> <!-- Netsfere_URL_HealthCheck -->
</testsuite> <!-- Test -->
